<?xml version="1.0" encoding="UTF-8"?>
<!-- Generated by org.testng.reporters.JUnitReportReporter -->
<testsuite hostname="Disha" failures="0" tests="3" name="com.nopcommerce.demo.testsuite.RegisterPageTest" time="8.804" errors="0" timestamp="2023-12-12T22:24:49 GMT" skipped="0">
  <testcase classname="com.nopcommerce.demo.testsuite.RegisterPageTest" name="verifyThatFirstNameLastNameEmailPasswordAndConfirmPasswordFieldsAreMandatory" time="2.487"/>
  <testcase classname="com.nopcommerce.demo.testsuite.RegisterPageTest" name="verifyUserShouldNavigateToRegisterPageSuccessfully" time="2.379"/>
  <testcase classname="com.nopcommerce.demo.testsuite.RegisterPageTest" name="verifyThatUserShouldCreateAccountSuccessfully" time="3.938"/>
  <system-out>
    <![CDATA[Enter email  abc123@gmail.com to Email  field [[ChromeDriver: chrome on windows (0d42047d69470d3297892587f296f30c)] -> id: Email]
Enter Password  abc123 to Password  field [[ChromeDriver: chrome on windows (0d42047d69470d3297892587f296f30c)] -> name: Password]
Click On Login Button
Enter email  random-d6007baa-19b6-4234-8101-f0cc7f53150f@example.com to Email  field [[ChromeDriver: chrome on windows (5e08cbd9be78b63475eabb12c663453a)] -> id: Email]
Enter Password  Disha@2023 to Password  field [[ChromeDriver: chrome on windows (5e08cbd9be78b63475eabb12c663453a)] -> name: Password]
Click On Login Button
Enter email  random-d6007baa-19b6-4234-8101-f0cc7f53150f@example.com to Email  field [[ChromeDriver: chrome on windows (83a740a6a99838b16de34a80f418bf08)] -> id: Email]
Enter Password  Disha@2023 to Password  field [[ChromeDriver: chrome on windows (83a740a6a99838b16de34a80f418bf08)] -> name: Password]
Click On Login Button]]>
  </system-out>
</testsuite> <!-- com.nopcommerce.demo.testsuite.RegisterPageTest -->
